<?xml version="1.0" encoding="UTF-8"?>
<testng-results ignored="0" total="1" passed="1" failed="0" skipped="0">
  <reporter-output>
  </reporter-output>
  <suite started-at="2024-05-22T05:23:33Z" name="Suite" finished-at="2024-05-22T05:23:33Z" duration-ms="65">
    <groups>
    </groups>
    <test started-at="2024-05-22T05:23:33Z" name="Test" finished-at="2024-05-22T05:23:33Z" duration-ms="65">
      <class name="TestNG.DemoScroll">
        <test-method signature="scroll()[pri:0, instance:TestNG.DemoScroll@4ddced80]" started-at="2024-05-22T10:53:33Z" name="scroll" finished-at="2024-05-22T10:53:33Z" duration-ms="29" status="PASS">
          <reporter-output>
          </reporter-output>
        </test-method> <!-- scroll -->
      </class> <!-- TestNG.DemoScroll -->
    </test> <!-- Test -->
  </suite> <!-- Suite -->
</testng-results>
